<?xml version="1.0" encoding="UTF-8"?>
<!-- Generated by org.testng.reporters.JUnitReportReporter -->
<testsuite hostname="LAPTOP-2D37RTLJ" failures="0" tests="2" name="com.samples.NewTest" time="135.365" errors="0" timestamp="2022-10-11T09:54:59 IST" skipped="0">
  <testcase classname="com.samples.NewTest" name="LoadTime" time="93.536"/>
  <system-out/>
  <testcase classname="com.samples.NewTest" name="search" time="41.829"/>
  <system-out/>
</testsuite> <!-- com.samples.NewTest -->
