<?xml version="1.0" encoding="UTF-8"?>
<!-- Generated by org.testng.reporters.JUnitReportReporter -->
<testsuite hostname="LAPTOP-2D37RTLJ" failures="0" tests="2" name="com.samples.flipkartTest" time="99.595" errors="0" timestamp="2022-10-11T11:22:41 IST" skipped="0">
  <testcase classname="com.samples.flipkartTest" name="search" time="70.026"/>
  <system-out/>
  <testcase classname="com.samples.flipkartTest" name="LoadTime" time="29.569"/>
  <system-out/>
</testsuite> <!-- com.samples.flipkartTest -->
