<?xml version="1.0" encoding="UTF-8"?>
<!-- Generated by org.testng.reporters.JUnitReportReporter -->
<testsuite hostname="LAPTOP-2D37RTLJ" failures="0" tests="1" name="com.samples.FacebookLogin" time="5.151" errors="0" timestamp="2022-09-30T14:20:21 IST" skipped="0">
  <testcase classname="com.samples.FacebookLogin" name="facebook" time="5.151"/>
  <system-out/>
</testsuite> <!-- com.samples.FacebookLogin -->
